2025-04-20 16:01:20,218 DEBUG: Тестовое сообщение. Логирование настроено правильно. [in C:\Users\user\source\repos\my_product_site\app.py:22]
2025-04-20 16:01:20,684 DEBUG: Тестовое сообщение. Логирование настроено правильно. [in C:\Users\user\source\repos\my_product_site\app.py:22]
2025-04-20 16:04:32,042 DEBUG: Тестовое сообщение. Логирование настроено правильно. [in C:\Users\user\source\repos\my_product_site\app.py:22]
2025-04-20 16:04:32,506 DEBUG: Тестовое сообщение. Логирование настроено правильно. [in C:\Users\user\source\repos\my_product_site\app.py:22]
2025-04-20 16:04:37,030 DEBUG: Last query: стаака [in C:\Users\user\source\repos\my_product_site\app.py:69]
Last query: стаака
2025-04-20 16:04:37,030 DEBUG: New query: крышка [in C:\Users\user\source\repos\my_product_site\app.py:70]
New query: крышка
2025-04-20 16:04:37,031 DEBUG: Tokens new: ['крышка'] [in C:\Users\user\source\repos\my_product_site\app.py:71]
Tokens new: ['крышка']
2025-04-20 16:04:37,033 DEBUG: Tokens base: ['стаака'] [in C:\Users\user\source\repos\my_product_site\app.py:72]
Tokens base: ['стаака']
2025-04-20 16:04:37,033 DEBUG: is_refinement: False [in C:\Users\user\source\repos\my_product_site\app.py:73]
is_refinement: False
2025-04-20 16:05:25,699 DEBUG: Last query: крышка [in C:\Users\user\source\repos\my_product_site\app.py:69]
Last query: крышка
2025-04-20 16:05:25,699 DEBUG: New query: крышка 90 [in C:\Users\user\source\repos\my_product_site\app.py:70]
New query: крышка 90
2025-04-20 16:05:25,700 DEBUG: Tokens new: ['крышка', '90'] [in C:\Users\user\source\repos\my_product_site\app.py:71]
Tokens new: ['крышка', '90']
2025-04-20 16:05:25,703 DEBUG: Tokens base: ['крышка'] [in C:\Users\user\source\repos\my_product_site\app.py:72]
Tokens base: ['крышка']
2025-04-20 16:05:25,703 DEBUG: is_refinement: True [in C:\Users\user\source\repos\my_product_site\app.py:73]
is_refinement: True
2025-04-20 16:08:23,607 DEBUG: Тестовое сообщение. Логирование настроено правильно. [in C:\Users\user\source\repos\my_product_site\app.py:22]
2025-04-20 16:08:26,610 DEBUG: Тестовое сообщение. Логирование настроено правильно. [in C:\Users\user\source\repos\my_product_site\app.py:22]
2025-04-20 16:08:27,075 DEBUG: Тестовое сообщение. Логирование настроено правильно. [in C:\Users\user\source\repos\my_product_site\app.py:22]
2025-04-20 16:08:33,387 DEBUG: Сессия - last_query: крышка [in C:\Users\user\source\repos\my_product_site\app.py:66]
Сессия - last_query: крышка
2025-04-20 16:08:33,388 DEBUG: Сессия - количество товаров: {'artplast': 0, 'gudvin': 0, 'hozka': 0, 'newpackspb': 0, 'promispb': 0} [in C:\Users\user\source\repos\my_product_site\app.py:68]
Сессия - количество товаров: {'artplast': 0, 'gudvin': 0, 'hozka': 0, 'newpackspb': 0, 'promispb': 0}
2025-04-20 16:08:46,829 DEBUG: Результаты нового парсинга получены. [in C:\Users\user\source\repos\my_product_site\app.py:109]
Результаты нового парсинга получены.
2025-04-20 16:08:46,830 DEBUG: Сохранены результаты нового парсинга в сессию и кэш для запроса: крышка [in C:\Users\user\source\repos\my_product_site\app.py:119]
Сохранены результаты нового парсинга в сессию и кэш для запроса: крышка
2025-04-20 16:08:51,347 DEBUG: Сессия - last_query: крышка [in C:\Users\user\source\repos\my_product_site\app.py:66]
Сессия - last_query: крышка
2025-04-20 16:08:51,348 DEBUG: Сессия - количество товаров: {'artplast': 0, 'gudvin': 0, 'hozka': 0, 'newpackspb': 0, 'promispb': 0} [in C:\Users\user\source\repos\my_product_site\app.py:68]
Сессия - количество товаров: {'artplast': 0, 'gudvin': 0, 'hozka': 0, 'newpackspb': 0, 'promispb': 0}
2025-04-20 16:08:51,349 DEBUG: Проверка уточнения запроса: [in C:\Users\user\source\repos\my_product_site\app.py:73]
Проверка уточнения запроса:
2025-04-20 16:08:51,350 DEBUG:   Last query: крышка [in C:\Users\user\source\repos\my_product_site\app.py:74]
  Last query: крышка
2025-04-20 16:08:51,351 DEBUG:   New query: крышка 90 [in C:\Users\user\source\repos\my_product_site\app.py:75]
  New query: крышка 90
2025-04-20 16:08:51,351 DEBUG:   Tokens new: ['крышка', '90'] [in C:\Users\user\source\repos\my_product_site\app.py:76]
  Tokens new: ['крышка', '90']
2025-04-20 16:08:51,352 DEBUG:   Tokens base: ['крышка'] [in C:\Users\user\source\repos\my_product_site\app.py:77]
  Tokens base: ['крышка']
2025-04-20 16:08:51,352 DEBUG:   is_refinement: True [in C:\Users\user\source\repos\my_product_site\app.py:78]
  is_refinement: True
2025-04-20 16:08:51,353 DEBUG: После фильтрации по уточнению, результаты: {'artplast': 0, 'gudvin': 0, 'hozka': 0, 'newpackspb': 0, 'promispb': 0} [in C:\Users\user\source\repos\my_product_site\app.py:89]
После фильтрации по уточнению, результаты: {'artplast': 0, 'gudvin': 0, 'hozka': 0, 'newpackspb': 0, 'promispb': 0}
2025-04-20 16:08:53,814 DEBUG: Найден результат в кэше для запроса: крышка 90 [in C:\Users\user\source\repos\my_product_site\app.py:58]
Найден результат в кэше для запроса: крышка 90
2025-04-20 16:09:12,140 DEBUG: Найден результат в кэше для запроса: крышка [in C:\Users\user\source\repos\my_product_site\app.py:58]
Найден результат в кэше для запроса: крышка
2025-04-20 16:09:15,299 DEBUG: Найден результат в кэше для запроса: крышка 90 [in C:\Users\user\source\repos\my_product_site\app.py:58]
Найден результат в кэше для запроса: крышка 90
2025-04-20 16:13:02,584 DEBUG: Найден результат в кэше для запроса: крышка [in C:\Users\user\source\repos\my_product_site\app.py:58]
Найден результат в кэше для запроса: крышка
2025-04-20 16:13:22,879 DEBUG: Найден результат в кэше для запроса: крышка 90 [in C:\Users\user\source\repos\my_product_site\app.py:58]
Найден результат в кэше для запроса: крышка 90
2025-04-20 16:14:36,090 DEBUG: Тестовое сообщение. Логирование настроено правильно. [in C:\Users\user\source\repos\my_product_site\app.py:22]
2025-04-20 16:14:36,620 DEBUG: Тестовое сообщение. Логирование настроено правильно. [in C:\Users\user\source\repos\my_product_site\app.py:22]
2025-04-20 16:14:39,217 DEBUG: Сессия - last_query: крышка 90 [in C:\Users\user\source\repos\my_product_site\app.py:66]
Сессия - last_query: крышка 90
2025-04-20 16:14:39,218 DEBUG: Сессия - количество товаров: {'artplast': 0, 'gudvin': 0, 'hozka': 0, 'newpackspb': 0, 'promispb': 0} [in C:\Users\user\source\repos\my_product_site\app.py:68]
Сессия - количество товаров: {'artplast': 0, 'gudvin': 0, 'hozka': 0, 'newpackspb': 0, 'promispb': 0}
2025-04-20 16:14:54,161 DEBUG: Результаты нового парсинга получены. [in C:\Users\user\source\repos\my_product_site\app.py:109]
Результаты нового парсинга получены.
2025-04-20 16:14:54,162 DEBUG: Сохранены результаты нового парсинга в сессию и кэш для запроса: крышка [in C:\Users\user\source\repos\my_product_site\app.py:119]
Сохранены результаты нового парсинга в сессию и кэш для запроса: крышка
2025-04-20 16:15:03,139 DEBUG: Сессия - last_query: крышка 90 [in C:\Users\user\source\repos\my_product_site\app.py:66]
Сессия - last_query: крышка 90
2025-04-20 16:15:03,139 DEBUG: Сессия - количество товаров: {'artplast': 0, 'gudvin': 0, 'hozka': 0, 'newpackspb': 0, 'promispb': 0} [in C:\Users\user\source\repos\my_product_site\app.py:68]
Сессия - количество товаров: {'artplast': 0, 'gudvin': 0, 'hozka': 0, 'newpackspb': 0, 'promispb': 0}
2025-04-20 16:15:16,934 DEBUG: Результаты нового парсинга получены. [in C:\Users\user\source\repos\my_product_site\app.py:109]
Результаты нового парсинга получены.
2025-04-20 16:15:16,934 DEBUG: Сохранены результаты нового парсинга в сессию и кэш для запроса: крышка 90 [in C:\Users\user\source\repos\my_product_site\app.py:119]
Сохранены результаты нового парсинга в сессию и кэш для запроса: крышка 90
2025-04-20 16:16:58,057 DEBUG: Найден результат в кэше для запроса: крышка [in C:\Users\user\source\repos\my_product_site\app.py:58]
Найден результат в кэше для запроса: крышка
2025-04-20 16:17:29,631 DEBUG: Тестовое сообщение. Логирование настроено правильно. [in C:\Users\user\source\repos\my_product_site\app.py:21]
2025-04-20 16:17:32,167 DEBUG: Тестовое сообщение. Логирование настроено правильно. [in C:\Users\user\source\repos\my_product_site\app.py:21]
2025-04-20 16:17:32,684 DEBUG: Тестовое сообщение. Логирование настроено правильно. [in C:\Users\user\source\repos\my_product_site\app.py:21]
2025-04-20 16:17:36,681 DEBUG: Сессия - last_query: крышка 90 [in C:\Users\user\source\repos\my_product_site\app.py:63]
Сессия - last_query: крышка 90
2025-04-20 16:17:36,682 DEBUG: Сессия - количество товаров: {'artplast': 0, 'gudvin': 0, 'hozka': 0, 'newpackspb': 0, 'promispb': 0} [in C:\Users\user\source\repos\my_product_site\app.py:65]
Сессия - количество товаров: {'artplast': 0, 'gudvin': 0, 'hozka': 0, 'newpackspb': 0, 'promispb': 0}
2025-04-20 16:17:51,782 DEBUG: Результаты нового парсинга получены. [in C:\Users\user\source\repos\my_product_site\app.py:129]
Результаты нового парсинга получены.
2025-04-20 16:17:51,783 DEBUG: Сохранены результаты нового парсинга в сессию и кэш для запроса: крышка [in C:\Users\user\source\repos\my_product_site\app.py:139]
Сохранены результаты нового парсинга в сессию и кэш для запроса: крышка
2025-04-20 16:18:03,489 DEBUG: Сессия - last_query: крышка 90 [in C:\Users\user\source\repos\my_product_site\app.py:63]
Сессия - last_query: крышка 90
2025-04-20 16:18:03,490 DEBUG: Сессия - количество товаров: {'artplast': 0, 'gudvin': 0, 'hozka': 0, 'newpackspb': 0, 'promispb': 0} [in C:\Users\user\source\repos\my_product_site\app.py:65]
Сессия - количество товаров: {'artplast': 0, 'gudvin': 0, 'hozka': 0, 'newpackspb': 0, 'promispb': 0}
2025-04-20 16:18:17,062 DEBUG: Результаты нового парсинга получены. [in C:\Users\user\source\repos\my_product_site\app.py:129]
Результаты нового парсинга получены.
2025-04-20 16:18:17,063 DEBUG: Сохранены результаты нового парсинга в сессию и кэш для запроса: крышка 90 [in C:\Users\user\source\repos\my_product_site\app.py:139]
Сохранены результаты нового парсинга в сессию и кэш для запроса: крышка 90
2025-04-20 16:23:20,892 DEBUG: Тестовое сообщение. Логирование настроено правильно. [in C:\Users\user\source\repos\my_product_site\app.py:21]
2025-04-20 16:23:22,471 DEBUG: Тестовое сообщение. Логирование настроено правильно. [in C:\Users\user\source\repos\my_product_site\app.py:21]
2025-04-20 16:23:22,965 DEBUG: Тестовое сообщение. Логирование настроено правильно. [in C:\Users\user\source\repos\my_product_site\app.py:21]
2025-04-20 16:23:29,023 DEBUG: Сессия - last_query: крышка 90 [in C:\Users\user\source\repos\my_product_site\app.py:67]
2025-04-20 16:23:43,559 DEBUG: Результаты нового парсинга получены. [in C:\Users\user\source\repos\my_product_site\app.py:133]
2025-04-20 16:23:43,561 DEBUG: Сохранены результаты нового парсинга в кэш и обновлены данные сессии для запроса: крышка [in C:\Users\user\source\repos\my_product_site\app.py:143]
2025-04-20 16:23:59,461 DEBUG: Сессия - last_query: крышка [in C:\Users\user\source\repos\my_product_site\app.py:67]
2025-04-20 16:23:59,462 DEBUG: Сессия - количество товаров: {'gudvin': 52, 'promispb': 30, 'hozka': 20, 'artplast': 28, 'newpackspb': 21} [in C:\Users\user\source\repos\my_product_site\app.py:69]
2025-04-20 16:23:59,463 DEBUG: Проверка уточнения запроса: [in C:\Users\user\source\repos\my_product_site\app.py:75]
2025-04-20 16:23:59,465 DEBUG:   Last query: крышка [in C:\Users\user\source\repos\my_product_site\app.py:76]
2025-04-20 16:23:59,465 DEBUG:   New query: крышка 90 [in C:\Users\user\source\repos\my_product_site\app.py:77]
2025-04-20 16:23:59,466 DEBUG:   Tokens new: ['крышка', '90'] [in C:\Users\user\source\repos\my_product_site\app.py:78]
2025-04-20 16:23:59,466 DEBUG:   Tokens base: ['крышка'] [in C:\Users\user\source\repos\my_product_site\app.py:79]
2025-04-20 16:23:59,467 DEBUG:   is_refinement: True [in C:\Users\user\source\repos\my_product_site\app.py:80]
2025-04-20 16:23:59,467 DEBUG: После фильтрации, результаты: {'gudvin': 8, 'promispb': 3, 'hozka': 3, 'artplast': 8, 'newpackspb': 0} [in C:\Users\user\source\repos\my_product_site\app.py:91]
2025-04-20 16:24:12,060 DEBUG: Сессия - last_query: крышка 90 [in C:\Users\user\source\repos\my_product_site\app.py:67]
2025-04-20 16:24:12,061 DEBUG: Сессия - количество товаров: {'gudvin': 8, 'promispb': 3, 'hozka': 3, 'artplast': 8, 'newpackspb': 0} [in C:\Users\user\source\repos\my_product_site\app.py:69]
2025-04-20 16:24:25,636 DEBUG: Результаты нового парсинга получены. [in C:\Users\user\source\repos\my_product_site\app.py:133]
2025-04-20 16:24:25,637 DEBUG: Сохранены результаты нового парсинга в кэш и обновлены данные сессии для запроса: стакан [in C:\Users\user\source\repos\my_product_site\app.py:143]
2025-04-20 16:24:38,003 DEBUG: Сессия - last_query: стакан [in C:\Users\user\source\repos\my_product_site\app.py:67]
2025-04-20 16:24:38,004 DEBUG: Сессия - количество товаров: {'gudvin': 25, 'promispb': 19, 'hozka': 20, 'artplast': 29, 'newpackspb': 21} [in C:\Users\user\source\repos\my_product_site\app.py:69]
2025-04-20 16:24:38,005 DEBUG: Проверка уточнения запроса: [in C:\Users\user\source\repos\my_product_site\app.py:75]
2025-04-20 16:24:38,007 DEBUG:   Last query: стакан [in C:\Users\user\source\repos\my_product_site\app.py:76]
2025-04-20 16:24:38,007 DEBUG:   New query: стакан прозрачный [in C:\Users\user\source\repos\my_product_site\app.py:77]
2025-04-20 16:24:38,007 DEBUG:   Tokens new: ['стакан', 'прозрачный'] [in C:\Users\user\source\repos\my_product_site\app.py:78]
2025-04-20 16:24:38,008 DEBUG:   Tokens base: ['стакан'] [in C:\Users\user\source\repos\my_product_site\app.py:79]
2025-04-20 16:24:38,008 DEBUG:   is_refinement: True [in C:\Users\user\source\repos\my_product_site\app.py:80]
2025-04-20 16:24:38,009 DEBUG: После фильтрации, результаты: {'gudvin': 4, 'promispb': 11, 'hozka': 5, 'artplast': 0, 'newpackspb': 0} [in C:\Users\user\source\repos\my_product_site\app.py:91]
2025-04-20 16:31:53,337 DEBUG: Тестовое сообщение. Логирование настроено правильно. [in C:\Users\user\source\repos\my_product_site\app.py:21]
2025-04-20 16:31:53,800 DEBUG: Тестовое сообщение. Логирование настроено правильно. [in C:\Users\user\source\repos\my_product_site\app.py:21]
2025-04-20 16:33:21,427 DEBUG: Сессия - last_query: стакан прозрачный [in C:\Users\user\source\repos\my_product_site\app.py:67]
2025-04-20 16:33:36,037 DEBUG: Результаты нового парсинга получены. [in C:\Users\user\source\repos\my_product_site\app.py:133]
2025-04-20 16:33:36,038 DEBUG: Сохранены результаты нового парсинга в кэш и обновлены данные сессии для запроса: крышка [in C:\Users\user\source\repos\my_product_site\app.py:143]
2025-04-20 16:34:53,792 DEBUG: Тестовое сообщение. Логирование настроено правильно. [in C:\Users\user\source\repos\my_product_site\app.py:21]
2025-04-20 16:34:54,274 DEBUG: Тестовое сообщение. Логирование настроено правильно. [in C:\Users\user\source\repos\my_product_site\app.py:21]
2025-04-20 16:35:16,105 DEBUG: Сессия - last_query: крышка [in C:\Users\user\source\repos\my_product_site\app.py:67]
2025-04-20 16:35:29,575 DEBUG: Результаты нового парсинга получены. [in C:\Users\user\source\repos\my_product_site\app.py:133]
2025-04-20 16:35:29,576 DEBUG: Сохранены результаты нового парсинга в кэш и обновлены данные сессии для запроса: крышка [in C:\Users\user\source\repos\my_product_site\app.py:143]
2025-04-20 16:36:19,674 DEBUG: Тестовое сообщение. Логирование настроено правильно. [in C:\Users\user\source\repos\my_product_site\app.py:21]
2025-04-20 16:36:20,162 DEBUG: Тестовое сообщение. Логирование настроено правильно. [in C:\Users\user\source\repos\my_product_site\app.py:21]
2025-04-20 16:37:51,711 DEBUG: Тестовое сообщение. Логирование настроено правильно. [in C:\Users\user\source\repos\my_product_site\app.py:21]
2025-04-20 16:37:52,224 DEBUG: Тестовое сообщение. Логирование настроено правильно. [in C:\Users\user\source\repos\my_product_site\app.py:21]
2025-04-20 16:37:57,438 DEBUG: Сессия - last_query: крышка [in C:\Users\user\source\repos\my_product_site\app.py:67]
2025-04-20 16:38:11,116 DEBUG: Результаты нового парсинга получены. [in C:\Users\user\source\repos\my_product_site\app.py:133]
2025-04-20 16:38:11,117 DEBUG: Сохранены результаты нового парсинга в кэш и обновлены данные сессии для запроса: крышка [in C:\Users\user\source\repos\my_product_site\app.py:143]
2025-04-20 16:41:26,596 DEBUG: Тестовое сообщение. Логирование настроено правильно. [in C:\Users\user\source\repos\my_product_site\app.py:21]
2025-04-20 16:41:27,061 DEBUG: Тестовое сообщение. Логирование настроено правильно. [in C:\Users\user\source\repos\my_product_site\app.py:21]
2025-04-20 16:43:46,284 DEBUG: Тестовое сообщение. Логирование настроено правильно. [in C:\Users\user\source\repos\my_product_site\app.py:21]
2025-04-20 16:43:46,740 DEBUG: Тестовое сообщение. Логирование настроено правильно. [in C:\Users\user\source\repos\my_product_site\app.py:21]
2025-04-20 16:44:01,657 DEBUG: Сессия - last_query: крышка [in C:\Users\user\source\repos\my_product_site\app.py:72]
2025-04-20 16:44:15,653 DEBUG: Результаты нового парсинга получены. [in C:\Users\user\source\repos\my_product_site\app.py:137]
2025-04-20 16:44:15,654 DEBUG: Сохранены результаты нового парсинга в кэш и обновлены данные сессии для запроса: крышка [in C:\Users\user\source\repos\my_product_site\app.py:147]
2025-04-20 16:46:42,871 DEBUG: Найден результат в кэше для запроса: крышка [in C:\Users\user\source\repos\my_product_site\app.py:61]
2025-04-20 16:51:49,054 DEBUG: Тестовое сообщение. Логирование настроено правильно. [in C:\Users\user\source\repos\my_product_site\app.py:21]
2025-04-20 16:51:49,541 DEBUG: Тестовое сообщение. Логирование настроено правильно. [in C:\Users\user\source\repos\my_product_site\app.py:21]
2025-04-20 16:52:00,996 DEBUG: Сессия - last_query: крышка [in C:\Users\user\source\repos\my_product_site\app.py:72]
2025-04-20 16:52:15,673 DEBUG: Результаты нового парсинга получены. [in C:\Users\user\source\repos\my_product_site\app.py:137]
2025-04-20 16:52:15,674 DEBUG: Сохранены результаты нового парсинга в кэш и обновлены данные сессии для запроса: крышка [in C:\Users\user\source\repos\my_product_site\app.py:147]
2025-04-20 16:55:23,215 DEBUG: Найден результат в кэше для запроса: крышка [in C:\Users\user\source\repos\my_product_site\app.py:61]
2025-04-20 16:58:13,101 DEBUG: Тестовое сообщение. Логирование настроено правильно. [in C:\Users\user\source\repos\my_product_site\app.py:21]
2025-04-20 16:58:13,572 DEBUG: Тестовое сообщение. Логирование настроено правильно. [in C:\Users\user\source\repos\my_product_site\app.py:21]
2025-04-20 16:58:48,999 DEBUG: Сессия - last_query: крышка [in C:\Users\user\source\repos\my_product_site\app.py:72]
2025-04-20 16:59:03,570 DEBUG: Результаты нового парсинга получены. [in C:\Users\user\source\repos\my_product_site\app.py:137]
2025-04-20 16:59:03,572 DEBUG: Сохранены результаты нового парсинга в кэш и обновлены данные сессии для запроса: крышка [in C:\Users\user\source\repos\my_product_site\app.py:147]
2025-04-20 17:01:29,319 DEBUG: Тестовое сообщение. Логирование настроено правильно. [in C:\Users\user\source\repos\my_product_site\app.py:21]
2025-04-20 17:01:29,822 DEBUG: Тестовое сообщение. Логирование настроено правильно. [in C:\Users\user\source\repos\my_product_site\app.py:21]
2025-04-20 17:01:33,277 DEBUG: Сессия - last_query: крышка [in C:\Users\user\source\repos\my_product_site\app.py:72]
2025-04-20 17:01:47,878 DEBUG: Результаты нового парсинга получены. [in C:\Users\user\source\repos\my_product_site\app.py:137]
2025-04-20 17:01:47,879 DEBUG: Сохранены результаты нового парсинга в кэш и обновлены данные сессии для запроса: крышка [in C:\Users\user\source\repos\my_product_site\app.py:147]
2025-04-20 17:03:11,871 DEBUG: Тестовое сообщение. Логирование настроено правильно. [in C:\Users\user\source\repos\my_product_site\app.py:21]
2025-04-20 17:03:12,352 DEBUG: Тестовое сообщение. Логирование настроено правильно. [in C:\Users\user\source\repos\my_product_site\app.py:21]
2025-04-20 17:03:18,258 DEBUG: Сессия - last_query: крышка [in C:\Users\user\source\repos\my_product_site\app.py:72]
2025-04-20 17:03:32,050 DEBUG: Результаты нового парсинга получены. [in C:\Users\user\source\repos\my_product_site\app.py:137]
2025-04-20 17:03:32,051 DEBUG: Сохранены результаты нового парсинга в кэш и обновлены данные сессии для запроса: крышка [in C:\Users\user\source\repos\my_product_site\app.py:147]
2025-04-20 17:05:58,371 DEBUG: Найден результат в кэше для запроса: крышка [in C:\Users\user\source\repos\my_product_site\app.py:61]
2025-04-20 17:06:01,097 DEBUG: Сессия - last_query: крышка [in C:\Users\user\source\repos\my_product_site\app.py:72]
2025-04-20 17:06:01,097 DEBUG: Сессия - количество товаров: {'gudvin': 52, 'promispb': 30, 'hozka': 20, 'artplast': 28, 'newpackspb': 21} [in C:\Users\user\source\repos\my_product_site\app.py:74]
2025-04-20 17:06:01,098 DEBUG: Проверка уточнения запроса: [in C:\Users\user\source\repos\my_product_site\app.py:80]
2025-04-20 17:06:01,100 DEBUG:   Last query: крышка [in C:\Users\user\source\repos\my_product_site\app.py:81]
2025-04-20 17:06:01,101 DEBUG:   New query: крышка 90 [in C:\Users\user\source\repos\my_product_site\app.py:82]
2025-04-20 17:06:01,101 DEBUG:   Tokens new: ['крышка', '90'] [in C:\Users\user\source\repos\my_product_site\app.py:83]
2025-04-20 17:06:01,102 DEBUG:   Tokens base: ['крышка'] [in C:\Users\user\source\repos\my_product_site\app.py:84]
2025-04-20 17:06:01,102 DEBUG:   is_refinement: True [in C:\Users\user\source\repos\my_product_site\app.py:85]
2025-04-20 17:06:01,103 DEBUG: После фильтрации, результаты: {'gudvin': 8, 'promispb': 3, 'hozka': 3, 'artplast': 8, 'newpackspb': 0} [in C:\Users\user\source\repos\my_product_site\app.py:96]
2025-04-20 17:06:04,205 DEBUG: Сессия - last_query: крышка 90 [in C:\Users\user\source\repos\my_product_site\app.py:72]
2025-04-20 17:06:04,205 DEBUG: Сессия - количество товаров: {'gudvin': 8, 'promispb': 3, 'hozka': 3, 'artplast': 8, 'newpackspb': 0} [in C:\Users\user\source\repos\my_product_site\app.py:74]
2025-04-20 17:06:17,976 DEBUG: Результаты нового парсинга получены. [in C:\Users\user\source\repos\my_product_site\app.py:137]
2025-04-20 17:06:17,976 DEBUG: Сохранены результаты нового парсинга в кэш и обновлены данные сессии для запроса: крышка 80 [in C:\Users\user\source\repos\my_product_site\app.py:147]
2025-04-20 17:06:18,782 DEBUG: Найден результат в кэше для запроса: крышка 90 [in C:\Users\user\source\repos\my_product_site\app.py:61]
2025-04-20 17:06:23,846 DEBUG: Найден результат в кэше для запроса: крышка 90 [in C:\Users\user\source\repos\my_product_site\app.py:61]
2025-04-20 17:06:28,563 DEBUG: Сессия - last_query: крышка 90 [in C:\Users\user\source\repos\my_product_site\app.py:72]
2025-04-20 17:06:28,564 DEBUG: Сессия - количество товаров: {'gudvin': 8, 'promispb': 3, 'hozka': 3, 'artplast': 8, 'newpackspb': 0} [in C:\Users\user\source\repos\my_product_site\app.py:74]
2025-04-20 17:06:42,621 DEBUG: Результаты нового парсинга получены. [in C:\Users\user\source\repos\my_product_site\app.py:137]
2025-04-20 17:06:42,622 DEBUG: Сохранены результаты нового парсинга в кэш и обновлены данные сессии для запроса: стакан [in C:\Users\user\source\repos\my_product_site\app.py:147]
2025-04-20 17:08:03,609 DEBUG: Найден результат в кэше для запроса: крышка [in C:\Users\user\source\repos\my_product_site\app.py:61]
2025-04-20 17:12:12,662 DEBUG: Сессия - last_query: крышка [in C:\Users\user\source\repos\my_product_site\app.py:72]
2025-04-20 17:12:26,354 DEBUG: Результаты нового парсинга получены. [in C:\Users\user\source\repos\my_product_site\app.py:137]
2025-04-20 17:12:26,355 DEBUG: Сохранены результаты нового парсинга в кэш и обновлены данные сессии для запроса: крышка [in C:\Users\user\source\repos\my_product_site\app.py:147]
2025-04-20 17:12:37,310 DEBUG: Тестовое сообщение. Логирование настроено правильно. [in C:\Users\user\source\repos\my_product_site\app.py:21]
2025-04-20 17:12:37,819 DEBUG: Тестовое сообщение. Логирование настроено правильно. [in C:\Users\user\source\repos\my_product_site\app.py:21]
2025-04-20 17:12:43,523 DEBUG: Сессия - last_query: крышка [in C:\Users\user\source\repos\my_product_site\app.py:72]
2025-04-20 17:12:57,539 DEBUG: Результаты нового парсинга получены. [in C:\Users\user\source\repos\my_product_site\app.py:137]
2025-04-20 17:12:57,540 DEBUG: Сохранены результаты нового парсинга в кэш и обновлены данные сессии для запроса: крышка [in C:\Users\user\source\repos\my_product_site\app.py:147]
2025-04-20 17:15:23,726 DEBUG: Найден результат в кэше для запроса: крышка [in C:\Users\user\source\repos\my_product_site\app.py:61]
2025-04-20 17:18:21,434 DEBUG: Сессия - last_query: крышка [in C:\Users\user\source\repos\my_product_site\app.py:72]
2025-04-20 17:18:35,992 DEBUG: Результаты нового парсинга получены. [in C:\Users\user\source\repos\my_product_site\app.py:137]
2025-04-20 17:18:35,993 DEBUG: Сохранены результаты нового парсинга в кэш и обновлены данные сессии для запроса: крышка [in C:\Users\user\source\repos\my_product_site\app.py:147]
2025-04-20 17:18:47,092 DEBUG: Найден результат в кэше для запроса: крышка [in C:\Users\user\source\repos\my_product_site\app.py:61]
2025-04-20 17:20:01,401 DEBUG: Найден результат в кэше для запроса: крышка [in C:\Users\user\source\repos\my_product_site\app.py:61]
2025-04-20 17:20:03,943 DEBUG: Сессия - last_query: крышка [in C:\Users\user\source\repos\my_product_site\app.py:72]
2025-04-20 17:20:03,943 DEBUG: Сессия - количество товаров: {'gudvin': 52, 'promispb': 30, 'hozka': 20, 'artplast': 28, 'newpackspb': 21} [in C:\Users\user\source\repos\my_product_site\app.py:74]
2025-04-20 17:20:03,945 DEBUG: Проверка уточнения запроса: [in C:\Users\user\source\repos\my_product_site\app.py:80]
2025-04-20 17:20:03,946 DEBUG:   Last query: крышка [in C:\Users\user\source\repos\my_product_site\app.py:81]
2025-04-20 17:20:03,946 DEBUG:   New query: крышка 90 [in C:\Users\user\source\repos\my_product_site\app.py:82]
2025-04-20 17:20:03,947 DEBUG:   Tokens new: ['крышка', '90'] [in C:\Users\user\source\repos\my_product_site\app.py:83]
2025-04-20 17:20:03,947 DEBUG:   Tokens base: ['крышка'] [in C:\Users\user\source\repos\my_product_site\app.py:84]
2025-04-20 17:20:03,947 DEBUG:   is_refinement: True [in C:\Users\user\source\repos\my_product_site\app.py:85]
2025-04-20 17:20:03,948 DEBUG: После фильтрации, результаты: {'gudvin': 8, 'promispb': 3, 'hozka': 3, 'artplast': 8, 'newpackspb': 0} [in C:\Users\user\source\repos\my_product_site\app.py:96]
2025-04-20 17:20:07,097 DEBUG: Найден результат в кэше для запроса: крышка 90 [in C:\Users\user\source\repos\my_product_site\app.py:61]
2025-04-20 17:20:09,650 DEBUG: Сессия - last_query: крышка 90 [in C:\Users\user\source\repos\my_product_site\app.py:72]
2025-04-20 17:20:09,650 DEBUG: Сессия - количество товаров: {'gudvin': 8, 'promispb': 3, 'hozka': 3, 'artplast': 8, 'newpackspb': 0} [in C:\Users\user\source\repos\my_product_site\app.py:74]
2025-04-20 17:20:23,816 DEBUG: Результаты нового парсинга получены. [in C:\Users\user\source\repos\my_product_site\app.py:137]
2025-04-20 17:20:23,817 DEBUG: Сохранены результаты нового парсинга в кэш и обновлены данные сессии для запроса: крышка 80 [in C:\Users\user\source\repos\my_product_site\app.py:147]
2025-04-20 17:22:17,475 DEBUG: Тестовое сообщение. Логирование настроено правильно. [in C:\Users\user\source\repos\my_product_site\app.py:21]
2025-04-20 17:22:17,983 DEBUG: Тестовое сообщение. Логирование настроено правильно. [in C:\Users\user\source\repos\my_product_site\app.py:21]
2025-04-20 17:22:21,485 DEBUG: Сессия - last_query: крышка 80 [in C:\Users\user\source\repos\my_product_site\app.py:72]
2025-04-20 17:22:34,879 DEBUG: Результаты нового парсинга получены. [in C:\Users\user\source\repos\my_product_site\app.py:137]
2025-04-20 17:22:34,880 DEBUG: Сохранены результаты нового парсинга в кэш и обновлены данные сессии для запроса: крышка [in C:\Users\user\source\repos\my_product_site\app.py:147]
2025-04-20 17:29:14,503 DEBUG: Тестовое сообщение. Логирование настроено правильно. [in C:\Users\user\source\repos\my_product_site\app.py:21]
2025-04-20 17:30:17,616 DEBUG: Сессия - last_query: крышка [in C:\Users\user\source\repos\my_product_site\app.py:69]
2025-04-20 17:30:31,239 DEBUG: Результаты нового парсинга получены. [in C:\Users\user\source\repos\my_product_site\app.py:131]
2025-04-20 17:30:31,240 DEBUG: Сохранены результаты нового парсинга в кэш и обновлены данные сессии для запроса: крышка [in C:\Users\user\source\repos\my_product_site\app.py:141]
2025-04-20 17:31:01,113 DEBUG: Найден результат в кэше для запроса: крышка [in C:\Users\user\source\repos\my_product_site\app.py:60]
2025-04-20 17:33:45,316 DEBUG: Найден результат в кэше для запроса: крышка [in C:\Users\user\source\repos\my_product_site\app.py:60]
2025-04-20 17:34:27,990 DEBUG: Тестовое сообщение. Логирование настроено правильно. [in C:\Users\user\source\repos\my_product_site\app.py:21]
2025-04-20 17:34:28,479 DEBUG: Тестовое сообщение. Логирование настроено правильно. [in C:\Users\user\source\repos\my_product_site\app.py:21]
2025-04-20 17:34:31,892 DEBUG: Сессия - last_query: крышка [in C:\Users\user\source\repos\my_product_site\app.py:69]
2025-04-20 17:34:48,199 DEBUG: Результаты нового парсинга получены. [in C:\Users\user\source\repos\my_product_site\app.py:131]
2025-04-20 17:34:48,200 DEBUG: Сохранены результаты нового парсинга в кэш и обновлены данные сессии для запроса: крышка [in C:\Users\user\source\repos\my_product_site\app.py:141]
2025-04-20 17:38:51,751 DEBUG: Найден результат в кэше для запроса: крышка [in C:\Users\user\source\repos\my_product_site\app.py:60]
2025-04-20 17:39:42,010 DEBUG: Найден результат в кэше для запроса: крышка [in C:\Users\user\source\repos\my_product_site\app.py:60]
2025-04-20 17:39:52,821 DEBUG: Сессия - last_query: крышка [in C:\Users\user\source\repos\my_product_site\app.py:69]
2025-04-20 17:40:07,043 DEBUG: Результаты нового парсинга получены. [in C:\Users\user\source\repos\my_product_site\app.py:131]
2025-04-20 17:40:07,044 DEBUG: Сохранены результаты нового парсинга в кэш и обновлены данные сессии для запроса: крышка 90 [in C:\Users\user\source\repos\my_product_site\app.py:141]
2025-04-20 17:44:01,386 DEBUG: Тестовое сообщение. Логирование настроено правильно. [in C:\Users\user\source\repos\my_product_site\app.py:21]
2025-04-20 17:44:09,101 DEBUG: Сессия - last_query: крышка 90 [in C:\Users\user\source\repos\my_product_site\app.py:69]
2025-04-20 17:44:21,920 DEBUG: Результаты нового парсинга получены. [in C:\Users\user\source\repos\my_product_site\app.py:114]
2025-04-20 17:44:21,920 DEBUG: Сохранены результаты нового парсинга в кэш и обновлены данные сессии для запроса: крышка [in C:\Users\user\source\repos\my_product_site\app.py:124]
2025-04-20 17:44:26,562 DEBUG: Сессия - last_query: крышка [in C:\Users\user\source\repos\my_product_site\app.py:69]
2025-04-20 17:44:26,562 DEBUG: Сессия - количество товаров: {'gudvin': 52, 'promispb': 30, 'hozka': 20, 'artplast': 28, 'newpackspb': 21} [in C:\Users\user\source\repos\my_product_site\app.py:71]
2025-04-20 17:44:26,564 DEBUG: Проверка уточнения запроса: [in C:\Users\user\source\repos\my_product_site\app.py:77]
2025-04-20 17:44:26,565 DEBUG:   Last query: крышка [in C:\Users\user\source\repos\my_product_site\app.py:78]
2025-04-20 17:44:26,566 DEBUG:   New query: крышка 90 [in C:\Users\user\source\repos\my_product_site\app.py:79]
2025-04-20 17:44:26,566 DEBUG:   Tokens new: ['крышка', '90'] [in C:\Users\user\source\repos\my_product_site\app.py:80]
2025-04-20 17:44:26,566 DEBUG:   Tokens base: ['крышка'] [in C:\Users\user\source\repos\my_product_site\app.py:81]
2025-04-20 17:44:26,567 DEBUG:   is_refinement: True [in C:\Users\user\source\repos\my_product_site\app.py:82]
2025-04-20 17:44:26,567 DEBUG: После фильтрации, результаты: {'gudvin': 8, 'promispb': 3, 'hozka': 3, 'artplast': 8, 'newpackspb': 0} [in C:\Users\user\source\repos\my_product_site\app.py:93]
2025-04-20 17:44:29,357 DEBUG: Сессия - last_query: крышка 90 [in C:\Users\user\source\repos\my_product_site\app.py:69]
2025-04-20 17:44:29,358 DEBUG: Сессия - количество товаров: {'gudvin': 8, 'promispb': 3, 'hozka': 3, 'artplast': 8, 'newpackspb': 0} [in C:\Users\user\source\repos\my_product_site\app.py:71]
2025-04-20 17:44:42,918 DEBUG: Результаты нового парсинга получены. [in C:\Users\user\source\repos\my_product_site\app.py:114]
2025-04-20 17:44:42,918 DEBUG: Сохранены результаты нового парсинга в кэш и обновлены данные сессии для запроса: крышка 80 [in C:\Users\user\source\repos\my_product_site\app.py:124]
2025-04-20 17:44:46,421 DEBUG: Найден результат в кэше для запроса: крышка 90 [in C:\Users\user\source\repos\my_product_site\app.py:60]
2025-04-20 17:44:53,841 DEBUG: Сессия - last_query: крышка 90 [in C:\Users\user\source\repos\my_product_site\app.py:69]
2025-04-20 17:44:53,841 DEBUG: Сессия - количество товаров: {'gudvin': 8, 'promispb': 3, 'hozka': 3, 'artplast': 8, 'newpackspb': 0} [in C:\Users\user\source\repos\my_product_site\app.py:71]
2025-04-20 17:45:24,210 DEBUG: Результаты нового парсинга получены. [in C:\Users\user\source\repos\my_product_site\app.py:114]
2025-04-20 17:45:24,211 DEBUG: Сохранены результаты нового парсинга в кэш и обновлены данные сессии для запроса: крышка 60 [in C:\Users\user\source\repos\my_product_site\app.py:124]
2025-04-20 17:46:42,108 DEBUG: Тестовое сообщение. Логирование настроено правильно. [in C:\Users\user\source\repos\my_product_site\app.py:21]
2025-04-20 17:46:47,657 DEBUG: Сессия - last_query: крышка 60 [in C:\Users\user\source\repos\my_product_site\app.py:81]
2025-04-20 17:47:01,471 DEBUG: Результаты нового парсинга получены. [in C:\Users\user\source\repos\my_product_site\app.py:124]
2025-04-20 17:47:01,472 DEBUG: Сохранены результаты нового парсинга в кэш и обновлены данные сессии для запроса: крышка [in C:\Users\user\source\repos\my_product_site\app.py:134]
2025-04-20 17:47:21,109 DEBUG: Сессия - last_query: крышка [in C:\Users\user\source\repos\my_product_site\app.py:81]
2025-04-20 17:47:21,109 DEBUG: Сессия - количество товаров: {'gudvin': 52, 'promispb': 30, 'hozka': 20, 'artplast': 28, 'newpackspb': 21} [in C:\Users\user\source\repos\my_product_site\app.py:83]
2025-04-20 17:47:21,111 DEBUG: Проверка уточнения запроса: [in C:\Users\user\source\repos\my_product_site\app.py:88]
2025-04-20 17:47:21,112 DEBUG:   Last query: крышка [in C:\Users\user\source\repos\my_product_site\app.py:89]
2025-04-20 17:47:21,112 DEBUG:   New query: крышка 90 [in C:\Users\user\source\repos\my_product_site\app.py:90]
2025-04-20 17:47:21,112 DEBUG:   Tokens new: ['крышка', '90'] [in C:\Users\user\source\repos\my_product_site\app.py:91]
2025-04-20 17:47:21,113 DEBUG:   Tokens base: ['крышка'] [in C:\Users\user\source\repos\my_product_site\app.py:92]
2025-04-20 17:47:21,113 DEBUG:   is_refinement: True [in C:\Users\user\source\repos\my_product_site\app.py:93]
2025-04-20 17:47:21,114 DEBUG: После фильтрации, результаты: {'gudvin': 8, 'promispb': 3, 'hozka': 3, 'artplast': 8, 'newpackspb': 0} [in C:\Users\user\source\repos\my_product_site\app.py:104]
2025-04-20 17:47:23,794 DEBUG: Сессия - last_query: крышка 90 [in C:\Users\user\source\repos\my_product_site\app.py:81]
2025-04-20 17:47:23,794 DEBUG: Сессия - количество товаров: {'gudvin': 8, 'promispb': 3, 'hozka': 3, 'artplast': 8, 'newpackspb': 0} [in C:\Users\user\source\repos\my_product_site\app.py:83]
2025-04-20 17:47:23,796 DEBUG: Проверка уточнения запроса: [in C:\Users\user\source\repos\my_product_site\app.py:88]
2025-04-20 17:47:23,797 DEBUG:   Last query: крышка 90 [in C:\Users\user\source\repos\my_product_site\app.py:89]
2025-04-20 17:47:23,797 DEBUG:   New query: крышка 80 [in C:\Users\user\source\repos\my_product_site\app.py:90]
2025-04-20 17:47:23,798 DEBUG:   Tokens new: ['крышка', '80'] [in C:\Users\user\source\repos\my_product_site\app.py:91]
2025-04-20 17:47:23,798 DEBUG:   Tokens base: ['крышка', '90'] [in C:\Users\user\source\repos\my_product_site\app.py:92]
2025-04-20 17:47:23,798 DEBUG:   is_refinement: True [in C:\Users\user\source\repos\my_product_site\app.py:93]
2025-04-20 17:47:23,799 DEBUG: После фильтрации, результаты: {'gudvin': 0, 'promispb': 0, 'hozka': 0, 'artplast': 1, 'newpackspb': 0} [in C:\Users\user\source\repos\my_product_site\app.py:104]
2025-04-20 17:47:28,221 DEBUG: Найден результат в кэше для запроса: крышка [in C:\Users\user\source\repos\my_product_site\app.py:72]
2025-04-20 17:47:31,601 DEBUG: Сессия - last_query: крышка [in C:\Users\user\source\repos\my_product_site\app.py:81]
2025-04-20 17:47:31,602 DEBUG: Сессия - количество товаров: {'gudvin': 52, 'promispb': 30, 'hozka': 20, 'artplast': 28, 'newpackspb': 21} [in C:\Users\user\source\repos\my_product_site\app.py:83]
2025-04-20 17:47:31,603 DEBUG: Проверка уточнения запроса: [in C:\Users\user\source\repos\my_product_site\app.py:88]
2025-04-20 17:47:31,604 DEBUG:   Last query: крышка [in C:\Users\user\source\repos\my_product_site\app.py:89]
2025-04-20 17:47:31,604 DEBUG:   New query: крышка 60 [in C:\Users\user\source\repos\my_product_site\app.py:90]
2025-04-20 17:47:31,605 DEBUG:   Tokens new: ['крышка', '60'] [in C:\Users\user\source\repos\my_product_site\app.py:91]
2025-04-20 17:47:31,605 DEBUG:   Tokens base: ['крышка'] [in C:\Users\user\source\repos\my_product_site\app.py:92]
2025-04-20 17:47:31,606 DEBUG:   is_refinement: True [in C:\Users\user\source\repos\my_product_site\app.py:93]
2025-04-20 17:47:31,608 DEBUG: После фильтрации, результаты: {'gudvin': 4, 'promispb': 0, 'hozka': 0, 'artplast': 0, 'newpackspb': 0} [in C:\Users\user\source\repos\my_product_site\app.py:104]
2025-04-20 17:48:03,130 DEBUG: Сессия - last_query: крышка 60 [in C:\Users\user\source\repos\my_product_site\app.py:81]
2025-04-20 17:48:03,131 DEBUG: Сессия - количество товаров: {'gudvin': 4, 'promispb': 0, 'hozka': 0, 'artplast': 0, 'newpackspb': 0} [in C:\Users\user\source\repos\my_product_site\app.py:83]
2025-04-20 17:48:03,132 DEBUG: Проверка уточнения запроса: [in C:\Users\user\source\repos\my_product_site\app.py:88]
2025-04-20 17:48:03,134 DEBUG:   Last query: крышка 60 [in C:\Users\user\source\repos\my_product_site\app.py:89]
2025-04-20 17:48:03,135 DEBUG:   New query: крышка 75 [in C:\Users\user\source\repos\my_product_site\app.py:90]
2025-04-20 17:48:03,135 DEBUG:   Tokens new: ['крышка', '75'] [in C:\Users\user\source\repos\my_product_site\app.py:91]
2025-04-20 17:48:03,135 DEBUG:   Tokens base: ['крышка', '60'] [in C:\Users\user\source\repos\my_product_site\app.py:92]
2025-04-20 17:48:03,136 DEBUG:   is_refinement: True [in C:\Users\user\source\repos\my_product_site\app.py:93]
2025-04-20 17:48:03,136 DEBUG: После фильтрации, результаты: {'gudvin': 1, 'promispb': 0, 'hozka': 0, 'artplast': 0, 'newpackspb': 0} [in C:\Users\user\source\repos\my_product_site\app.py:104]
2025-04-20 17:48:07,558 DEBUG: Найден результат в кэше для запроса: крышка 90 [in C:\Users\user\source\repos\my_product_site\app.py:72]
2025-04-20 17:48:22,199 DEBUG: Сессия - last_query: крышка 90 [in C:\Users\user\source\repos\my_product_site\app.py:81]
2025-04-20 17:48:22,200 DEBUG: Сессия - количество товаров: {'gudvin': 8, 'promispb': 3, 'hozka': 3, 'artplast': 8, 'newpackspb': 0} [in C:\Users\user\source\repos\my_product_site\app.py:83]
2025-04-20 17:48:39,259 DEBUG: Результаты нового парсинга получены. [in C:\Users\user\source\repos\my_product_site\app.py:124]
2025-04-20 17:48:39,259 DEBUG: Сохранены результаты нового парсинга в кэш и обновлены данные сессии для запроса: стакан [in C:\Users\user\source\repos\my_product_site\app.py:134]
2025-04-20 17:48:45,016 DEBUG: Найден результат в кэше для запроса: стакан [in C:\Users\user\source\repos\my_product_site\app.py:72]
2025-04-20 17:48:51,031 DEBUG: Сессия - last_query: стакан [in C:\Users\user\source\repos\my_product_site\app.py:81]
2025-04-20 17:48:51,031 DEBUG: Сессия - количество товаров: {'gudvin': 25, 'promispb': 19, 'hozka': 20, 'artplast': 29, 'newpackspb': 21} [in C:\Users\user\source\repos\my_product_site\app.py:83]
2025-04-20 17:48:51,032 DEBUG: Проверка уточнения запроса: [in C:\Users\user\source\repos\my_product_site\app.py:88]
2025-04-20 17:48:51,034 DEBUG:   Last query: стакан [in C:\Users\user\source\repos\my_product_site\app.py:89]
2025-04-20 17:48:51,035 DEBUG:   New query: стакан прозрачный [in C:\Users\user\source\repos\my_product_site\app.py:90]
2025-04-20 17:48:51,035 DEBUG:   Tokens new: ['стакан', 'прозрачный'] [in C:\Users\user\source\repos\my_product_site\app.py:91]
2025-04-20 17:48:51,035 DEBUG:   Tokens base: ['стакан'] [in C:\Users\user\source\repos\my_product_site\app.py:92]
2025-04-20 17:48:51,036 DEBUG:   is_refinement: True [in C:\Users\user\source\repos\my_product_site\app.py:93]
2025-04-20 17:48:51,036 DEBUG: После фильтрации, результаты: {'gudvin': 4, 'promispb': 11, 'hozka': 5, 'artplast': 0, 'newpackspb': 0} [in C:\Users\user\source\repos\my_product_site\app.py:104]
2025-04-20 17:49:02,222 DEBUG: Сессия - last_query: стакан прозрачный [in C:\Users\user\source\repos\my_product_site\app.py:81]
2025-04-20 17:49:02,222 DEBUG: Сессия - количество товаров: {'gudvin': 4, 'promispb': 11, 'hozka': 5, 'artplast': 0, 'newpackspb': 0} [in C:\Users\user\source\repos\my_product_site\app.py:83]
2025-04-20 17:49:26,335 DEBUG: Результаты нового парсинга получены. [in C:\Users\user\source\repos\my_product_site\app.py:124]
2025-04-20 17:49:26,336 DEBUG: Сохранены результаты нового парсинга в кэш и обновлены данные сессии для запроса: стакан бумажный [in C:\Users\user\source\repos\my_product_site\app.py:134]
2025-04-20 17:52:14,958 DEBUG: Тестовое сообщение. Логирование настроено правильно. [in C:\Users\user\source\repos\my_product_site\app.py:21]
2025-04-20 17:52:21,019 DEBUG: Сессия - last_query: стакан бумажный [in C:\Users\user\source\repos\my_product_site\app.py:78]
2025-04-20 17:52:34,591 DEBUG: Результаты нового парсинга получены. [in C:\Users\user\source\repos\my_product_site\app.py:121]
2025-04-20 17:52:34,591 DEBUG: Сохранены результаты нового парсинга в кэш и обновлены данные сессии для запроса: стакан [in C:\Users\user\source\repos\my_product_site\app.py:131]
2025-04-20 17:52:48,617 DEBUG: Сессия - last_query: стакан [in C:\Users\user\source\repos\my_product_site\app.py:78]
2025-04-20 17:52:48,617 DEBUG: Сессия - количество товаров: {'gudvin': 25, 'promispb': 19, 'hozka': 20, 'artplast': 29, 'newpackspb': 21} [in C:\Users\user\source\repos\my_product_site\app.py:80]
2025-04-20 17:52:48,619 DEBUG: Проверка уточнения запроса: [in C:\Users\user\source\repos\my_product_site\app.py:85]
2025-04-20 17:52:48,620 DEBUG:   Last query: стакан [in C:\Users\user\source\repos\my_product_site\app.py:86]
2025-04-20 17:52:48,621 DEBUG:   New query: стакан прозрачный [in C:\Users\user\source\repos\my_product_site\app.py:87]
2025-04-20 17:52:48,621 DEBUG:   Tokens new: ['стакан', 'прозрачный'] [in C:\Users\user\source\repos\my_product_site\app.py:88]
2025-04-20 17:52:48,622 DEBUG:   Tokens base: ['стакан'] [in C:\Users\user\source\repos\my_product_site\app.py:89]
2025-04-20 17:52:48,622 DEBUG:   is_refinement: True [in C:\Users\user\source\repos\my_product_site\app.py:90]
2025-04-20 17:52:48,623 DEBUG: После фильтрации, результаты: {'gudvin': 4, 'promispb': 11, 'hozka': 5, 'artplast': 0, 'newpackspb': 0} [in C:\Users\user\source\repos\my_product_site\app.py:101]
2025-04-20 17:53:30,955 DEBUG: Сессия - last_query: стакан прозрачный [in C:\Users\user\source\repos\my_product_site\app.py:78]
2025-04-20 17:53:30,955 DEBUG: Сессия - количество товаров: {'gudvin': 4, 'promispb': 11, 'hozka': 5, 'artplast': 0, 'newpackspb': 0} [in C:\Users\user\source\repos\my_product_site\app.py:80]
2025-04-20 17:53:30,956 DEBUG: Проверка уточнения запроса: [in C:\Users\user\source\repos\my_product_site\app.py:85]
2025-04-20 17:53:30,958 DEBUG:   Last query: стакан прозрачный [in C:\Users\user\source\repos\my_product_site\app.py:86]
2025-04-20 17:53:30,958 DEBUG:   New query: стакан одноразовый [in C:\Users\user\source\repos\my_product_site\app.py:87]
2025-04-20 17:53:30,958 DEBUG:   Tokens new: ['стакан', 'одноразовый'] [in C:\Users\user\source\repos\my_product_site\app.py:88]
2025-04-20 17:53:30,959 DEBUG:   Tokens base: ['стакан', 'прозрачный'] [in C:\Users\user\source\repos\my_product_site\app.py:89]
2025-04-20 17:53:30,959 DEBUG:   is_refinement: True [in C:\Users\user\source\repos\my_product_site\app.py:90]
2025-04-20 17:53:30,960 DEBUG: После фильтрации, результаты: {'gudvin': 4, 'promispb': 0, 'hozka': 0, 'artplast': 0, 'newpackspb': 0} [in C:\Users\user\source\repos\my_product_site\app.py:101]
2025-04-20 17:53:34,391 DEBUG: Найден результат в кэше для запроса: стакан [in C:\Users\user\source\repos\my_product_site\app.py:69]
2025-04-20 17:53:49,250 DEBUG: Сессия - last_query: стакан [in C:\Users\user\source\repos\my_product_site\app.py:78]
2025-04-20 17:53:49,250 DEBUG: Сессия - количество товаров: {'gudvin': 25, 'promispb': 19, 'hozka': 20, 'artplast': 29, 'newpackspb': 21} [in C:\Users\user\source\repos\my_product_site\app.py:80]
2025-04-20 17:53:49,252 DEBUG: Проверка уточнения запроса: [in C:\Users\user\source\repos\my_product_site\app.py:85]
2025-04-20 17:53:49,253 DEBUG:   Last query: стакан [in C:\Users\user\source\repos\my_product_site\app.py:86]
2025-04-20 17:53:49,253 DEBUG:   New query: стакан пластиковый [in C:\Users\user\source\repos\my_product_site\app.py:87]
2025-04-20 17:53:49,254 DEBUG:   Tokens new: ['стакан', 'пластиковый'] [in C:\Users\user\source\repos\my_product_site\app.py:88]
2025-04-20 17:53:49,254 DEBUG:   Tokens base: ['стакан'] [in C:\Users\user\source\repos\my_product_site\app.py:89]
2025-04-20 17:53:49,254 DEBUG:   is_refinement: True [in C:\Users\user\source\repos\my_product_site\app.py:90]
2025-04-20 17:53:49,255 DEBUG: После фильтрации, результаты: {'gudvin': 7, 'promispb': 0, 'hozka': 3, 'artplast': 0, 'newpackspb': 5} [in C:\Users\user\source\repos\my_product_site\app.py:101]
2025-04-20 17:55:32,298 DEBUG: Сессия - last_query: стакан пластиковый [in C:\Users\user\source\repos\my_product_site\app.py:78]
2025-04-20 17:55:32,299 DEBUG: Сессия - количество товаров: {'gudvin': 7, 'promispb': 0, 'hozka': 3, 'artplast': 0, 'newpackspb': 5} [in C:\Users\user\source\repos\my_product_site\app.py:80]
2025-04-20 17:55:32,300 DEBUG: Проверка уточнения запроса: [in C:\Users\user\source\repos\my_product_site\app.py:85]
2025-04-20 17:55:32,302 DEBUG:   Last query: стакан пластиковый [in C:\Users\user\source\repos\my_product_site\app.py:86]
2025-04-20 17:55:32,302 DEBUG:   New query: стакан бумажный [in C:\Users\user\source\repos\my_product_site\app.py:87]
2025-04-20 17:55:32,303 DEBUG:   Tokens new: ['стакан', 'бумажный'] [in C:\Users\user\source\repos\my_product_site\app.py:88]
2025-04-20 17:55:32,304 DEBUG:   Tokens base: ['стакан', 'пластиковый'] [in C:\Users\user\source\repos\my_product_site\app.py:89]
2025-04-20 17:55:32,304 DEBUG:   is_refinement: True [in C:\Users\user\source\repos\my_product_site\app.py:90]
2025-04-20 17:55:32,304 DEBUG: После фильтрации, результаты: {'gudvin': 0, 'promispb': 0, 'hozka': 0, 'artplast': 0, 'newpackspb': 0} [in C:\Users\user\source\repos\my_product_site\app.py:101]
2025-04-20 17:55:35,049 DEBUG: Найден результат в кэше для запроса: стакан [in C:\Users\user\source\repos\my_product_site\app.py:69]
2025-04-20 17:55:37,679 DEBUG: Найден результат в кэше для запроса: стакан бумажный [in C:\Users\user\source\repos\my_product_site\app.py:69]
2025-04-20 17:55:40,464 DEBUG: Найден результат в кэше для запроса: стакан бумажный [in C:\Users\user\source\repos\my_product_site\app.py:69]
2025-04-20 17:55:41,229 DEBUG: Найден результат в кэше для запроса: стакан бумажный [in C:\Users\user\source\repos\my_product_site\app.py:69]
2025-04-20 17:55:41,383 DEBUG: Найден результат в кэше для запроса: стакан бумажный [in C:\Users\user\source\repos\my_product_site\app.py:69]
2025-04-20 17:55:41,533 DEBUG: Найден результат в кэше для запроса: стакан бумажный [in C:\Users\user\source\repos\my_product_site\app.py:69]
2025-04-20 17:55:42,887 DEBUG: Найден результат в кэше для запроса: стакан бумажный [in C:\Users\user\source\repos\my_product_site\app.py:69]
2025-04-20 17:55:48,290 DEBUG: Тестовое сообщение. Логирование настроено правильно. [in C:\Users\user\source\repos\my_product_site\app.py:21]
2025-04-20 17:55:49,470 DEBUG: Сессия - last_query: стакан бумажный [in C:\Users\user\source\repos\my_product_site\app.py:81]
2025-04-20 17:56:10,567 DEBUG: Результаты нового парсинга получены. [in C:\Users\user\source\repos\my_product_site\app.py:124]
2025-04-20 17:56:10,568 DEBUG: Сохранены результаты нового парсинга в кэш и обновлены данные сессии для запроса: стакан бумажный [in C:\Users\user\source\repos\my_product_site\app.py:134]
2025-04-20 17:56:15,998 DEBUG: Сессия - last_query: стакан бумажный [in C:\Users\user\source\repos\my_product_site\app.py:81]
2025-04-20 17:56:15,999 DEBUG: Сессия - количество товаров: {'gudvin': 0, 'promispb': 30, 'hozka': 20, 'artplast': 29, 'newpackspb': 15} [in C:\Users\user\source\repos\my_product_site\app.py:83]
2025-04-20 17:56:29,337 DEBUG: Результаты нового парсинга получены. [in C:\Users\user\source\repos\my_product_site\app.py:124]
2025-04-20 17:56:29,338 DEBUG: Сохранены результаты нового парсинга в кэш и обновлены данные сессии для запроса: стакан прозрачный [in C:\Users\user\source\repos\my_product_site\app.py:134]
2025-04-20 17:56:41,518 DEBUG: Найден результат в кэше для запроса: стакан бумажный [in C:\Users\user\source\repos\my_product_site\app.py:72]
2025-04-20 17:56:49,825 DEBUG: Найден результат в кэше для запроса: стакан прозрачный [in C:\Users\user\source\repos\my_product_site\app.py:72]
2025-04-20 17:57:21,081 DEBUG: Найден результат в кэше для запроса: стакан прозрачный [in C:\Users\user\source\repos\my_product_site\app.py:72]
2025-04-20 17:59:53,971 DEBUG: Сессия - last_query: стакан прозрачный [in C:\Users\user\source\repos\my_product_site\app.py:81]
2025-04-20 17:59:53,971 DEBUG: Сессия - количество товаров: {'gudvin': 12, 'promispb': 30, 'hozka': 20, 'artplast': 0, 'newpackspb': 8} [in C:\Users\user\source\repos\my_product_site\app.py:83]
2025-04-20 18:00:08,161 DEBUG: Результаты нового парсинга получены. [in C:\Users\user\source\repos\my_product_site\app.py:124]
2025-04-20 18:00:08,162 DEBUG: Сохранены результаты нового парсинга в кэш и обновлены данные сессии для запроса: крышка [in C:\Users\user\source\repos\my_product_site\app.py:134]
2025-04-20 18:05:08,684 DEBUG: Сессия - last_query: крышка [in C:\Users\user\source\repos\my_product_site\app.py:81]
2025-04-20 18:05:23,151 DEBUG: Результаты нового парсинга получены. [in C:\Users\user\source\repos\my_product_site\app.py:124]
2025-04-20 18:05:23,152 DEBUG: Сохранены результаты нового парсинга в кэш и обновлены данные сессии для запроса: крышка [in C:\Users\user\source\repos\my_product_site\app.py:134]
2025-04-20 18:11:21,067 DEBUG: Сессия - last_query: крышка [in C:\Users\user\source\repos\my_product_site\app.py:81]
2025-04-20 18:11:36,907 DEBUG: Результаты нового парсинга получены. [in C:\Users\user\source\repos\my_product_site\app.py:124]
2025-04-20 18:11:36,908 DEBUG: Сохранены результаты нового парсинга в кэш и обновлены данные сессии для запроса: стакан [in C:\Users\user\source\repos\my_product_site\app.py:134]
2025-04-20 18:15:43,667 DEBUG: Найден результат в кэше для запроса: стакан [in C:\Users\user\source\repos\my_product_site\app.py:72]
2025-04-20 18:15:56,800 DEBUG: Найден результат в кэше для запроса: стакан [in C:\Users\user\source\repos\my_product_site\app.py:72]
2025-04-20 18:16:24,957 DEBUG: Сессия - last_query: стакан [in C:\Users\user\source\repos\my_product_site\app.py:81]
2025-04-20 18:16:24,957 DEBUG: Сессия - количество товаров: {'gudvin': 25, 'promispb': 19, 'hozka': 20, 'artplast': 29, 'newpackspb': 21} [in C:\Users\user\source\repos\my_product_site\app.py:83]
2025-04-20 18:16:39,711 DEBUG: Результаты нового парсинга получены. [in C:\Users\user\source\repos\my_product_site\app.py:124]
2025-04-20 18:16:39,712 DEBUG: Сохранены результаты нового парсинга в кэш и обновлены данные сессии для запроса: вилка [in C:\Users\user\source\repos\my_product_site\app.py:134]
2025-04-20 18:20:31,969 DEBUG: Сессия - last_query: вилка [in C:\Users\user\source\repos\my_product_site\app.py:81]
2025-04-20 18:20:31,970 DEBUG: Сессия - количество товаров: {'gudvin': 11, 'promispb': 11, 'hozka': 13, 'artplast': 28, 'newpackspb': 3} [in C:\Users\user\source\repos\my_product_site\app.py:83]
2025-04-20 18:20:48,101 DEBUG: Результаты нового парсинга получены. [in C:\Users\user\source\repos\my_product_site\app.py:124]
2025-04-20 18:20:48,103 DEBUG: Сохранены результаты нового парсинга в кэш и обновлены данные сессии для запроса: стакан [in C:\Users\user\source\repos\my_product_site\app.py:134]
2025-04-20 18:21:02,517 DEBUG: Найден результат в кэше для запроса: стакан [in C:\Users\user\source\repos\my_product_site\app.py:72]
2025-04-20 18:21:31,272 DEBUG: Найден результат в кэше для запроса: стакан [in C:\Users\user\source\repos\my_product_site\app.py:72]
2025-04-20 18:21:34,370 DEBUG: Найден результат в кэше для запроса: стакан [in C:\Users\user\source\repos\my_product_site\app.py:72]
2025-04-20 18:57:43,262 DEBUG: Тестовое сообщение. Логирование настроено правильно. [in C:\Users\user\source\repos\my_product_site_ver_1.2\app.py:21]
2025-04-20 18:57:43,762 DEBUG: Тестовое сообщение. Логирование настроено правильно. [in C:\Users\user\source\repos\my_product_site_ver_1.2\app.py:21]
2025-04-20 18:57:52,601 DEBUG: Сессия - last_query: тряпка [in C:\Users\user\source\repos\my_product_site_ver_1.2\app.py:81]
2025-04-20 18:58:24,660 DEBUG: Результаты нового парсинга получены. [in C:\Users\user\source\repos\my_product_site_ver_1.2\app.py:124]
2025-04-20 18:58:24,661 DEBUG: Сохранены результаты нового парсинга в кэш и обновлены данные сессии для запроса: стакан [in C:\Users\user\source\repos\my_product_site_ver_1.2\app.py:134]
